# JRE version: OpenJDK Runtime Environment Microsoft-11926163 (17.0.16+8) (build 17.0.16+8-LTS)
# Java VM: OpenJDK 64-Bit Server VM Microsoft-11926163 (17.0.16+8-LTS, mixed mode, sharing, tiered, compressed oops, compressed class ptrs, g1 gc, windows-amd64)
GC Precious Log:
 CPUs: 8 total, 8 available
 Memory: 8050M
 Large Page Support: Disabled
 NUMA Support: Disabled
 Compressed Oops: Enabled (32-bit)
 Heap Region Size: 1M
 Heap Min Capacity: 8M
 Heap Initial Capacity: 126M
 Heap Max Capacity: 2014M
 Pre-touch: Disabled
 Parallel Workers: 8
 Concurrent Workers: 2
 Concurrent Refinement Workers: 8
 Periodic GC: Disabled
Heap:
 garbage-first heap   total 75776K, used 32708K [0x0000000082200000, 0x0000000100000000)
  region size 1024K, 3 young (3072K), 3 survivors (3072K)
 Metaspace       used 42110K, committed 42432K, reserved 1114112K
  class space    used 5040K, committed 5184K, reserved 1048576K
GC Heap History (20 events):
Event: 4.002 GC heap after
{Heap after GC invocations=3 (full 0):
 garbage-first heap   total 129024K, used 9620K [0x0000000082200000, 0x0000000100000000)
  region size 1024K, 4 young (4096K), 4 survivors (4096K)
 Metaspace       used 21283K, committed 21504K, reserved 1114112K
  class space    used 2715K, committed 2816K, reserved 1048576K
}
Event: 4.522 GC heap before
{Heap before GC invocations=4 (full 0):
 garbage-first heap   total 37888K, used 28052K [0x0000000082200000, 0x0000000100000000)
  region size 1024K, 22 young (22528K), 4 survivors (4096K)
 Metaspace       used 24374K, committed 24704K, reserved 1114112K
  class space    used 3183K, committed 3328K, reserved 1048576K
}
Event: 4.541 GC heap after
{Heap after GC invocations=5 (full 0):
 garbage-first heap   total 37888K, used 11761K [0x0000000082200000, 0x0000000100000000)
  region size 1024K, 3 young (3072K), 3 survivors (3072K)
 Metaspace       used 24374K, committed 24704K, reserved 1114112K
  class space    used 3183K, committed 3328K, reserved 1048576K
}
Event: 4.585 GC heap before
{Heap before GC invocations=5 (full 0):
 garbage-first heap   total 37888K, used 12785K [0x0000000082200000, 0x0000000100000000)
  region size 1024K, 4 young (4096K), 3 survivors (3072K)
 Metaspace       used 24594K, committed 24896K, reserved 1114112K
  class space    used 3201K, committed 3328K, reserved 1048576K
}
Event: 4.609 GC heap after
{Heap after GC invocations=6 (full 0):
 garbage-first heap   total 37888K, used 12407K [0x0000000082200000, 0x0000000100000000)
  region size 1024K, 1 young (1024K), 1 survivors (1024K)
 Metaspace       used 24594K, committed 24896K, reserved 1114112K
  class space    used 3201K, committed 3328K, reserved 1048576K
}
Event: 5.060 GC heap before
{Heap before GC invocations=6 (full 0):
 garbage-first heap   total 37888K, used 27767K [0x0000000082200000, 0x0000000100000000)
  region size 1024K, 16 young (16384K), 1 survivors (1024K)
 Metaspace       used 28013K, committed 28224K, reserved 1114112K
  class space    used 3535K, committed 3648K, reserved 1048576K
}
Event: 5.063 GC heap after
{Heap after GC invocations=7 (full 0):
 garbage-first heap   total 37888K, used 12820K [0x0000000082200000, 0x0000000100000000)
  region size 1024K, 1 young (1024K), 1 survivors (1024K)
 Metaspace       used 28013K, committed 28224K, reserved 1114112K
  class space    used 3535K, committed 3648K, reserved 1048576K
}
Event: 5.732 GC heap before
{Heap before GC invocations=7 (full 0):
 garbage-first heap   total 37888K, used 27156K [0x0000000082200000, 0x0000000100000000)
  region size 1024K, 16 young (16384K), 1 survivors (1024K)
 Metaspace       used 32005K, committed 32256K, reserved 1114112K
  class space    used 3934K, committed 4032K, reserved 1048576K
}
Event: 5.737 GC heap after
{Heap after GC invocations=8 (full 0):
 garbage-first heap   total 37888K, used 13279K [0x0000000082200000, 0x0000000100000000)
  region size 1024K, 2 young (2048K), 2 survivors (2048K)
 Metaspace       used 32005K, committed 32256K, reserved 1114112K
  class space    used 3934K, committed 4032K, reserved 1048576K
}
Event: 6.082 GC heap before
{Heap before GC invocations=8 (full 0):
 garbage-first heap   total 37888K, used 28639K [0x0000000082200000, 0x0000000100000000)
  region size 1024K, 17 young (17408K), 2 survivors (2048K)
 Metaspace       used 34869K, committed 35136K, reserved 1114112K
  class space    used 4245K, committed 4352K, reserved 1048576K
}
Event: 6.087 GC heap after
{Heap after GC invocations=9 (full 0):
 garbage-first heap   total 37888K, used 14852K [0x0000000082200000, 0x0000000100000000)
  region size 1024K, 3 young (3072K), 3 survivors (3072K)
 Metaspace       used 34869K, committed 35136K, reserved 1114112K
  class space    used 4245K, committed 4352K, reserved 1048576K
}
Event: 6.163 GC heap before
{Heap before GC invocations=9 (full 0):
 garbage-first heap   total 37888K, used 29188K [0x0000000082200000, 0x0000000100000000)
  region size 1024K, 16 young (16384K), 3 survivors (3072K)
 Metaspace       used 35211K, committed 35456K, reserved 1114112K
  class space    used 4273K, committed 4352K, reserved 1048576K
}
Event: 6.172 GC heap after
{Heap after GC invocations=10 (full 0):
 garbage-first heap   total 75776K, used 20181K [0x0000000082200000, 0x0000000100000000)
  region size 1024K, 2 young (2048K), 2 survivors (2048K)
 Metaspace       used 35211K, committed 35456K, reserved 1114112K
  class space    used 4273K, committed 4352K, reserved 1048576K
}
Event: 6.294 GC heap before
{Heap before GC invocations=10 (full 0):
 garbage-first heap   total 75776K, used 29397K [0x0000000082200000, 0x0000000100000000)
  region size 1024K, 12 young (12288K), 2 survivors (2048K)
 Metaspace       used 35886K, committed 36096K, reserved 1114112K
  class space    used 4340K, committed 4416K, reserved 1048576K
}
Event: 6.302 GC heap after
{Heap after GC invocations=11 (full 0):
 garbage-first heap   total 75776K, used 23492K [0x0000000082200000, 0x0000000100000000)
  region size 1024K, 5 young (5120K), 5 survivors (5120K)
 Metaspace       used 35886K, committed 36096K, reserved 1114112K
  class space    used 4340K, committed 4416K, reserved 1048576K
}
Event: 6.874 GC heap before
{Heap before GC invocations=12 (full 0):
 garbage-first heap   total 75776K, used 51140K [0x0000000082200000, 0x0000000100000000)
  region size 1024K, 32 young (32768K), 5 survivors (5120K)
 Metaspace       used 39564K, committed 39808K, reserved 1114112K
  class space    used 4739K, committed 4864K, reserved 1048576K
}
Event: 6.893 GC heap after
{Heap after GC invocations=13 (full 0):
 garbage-first heap   total 75776K, used 28321K [0x0000000082200000, 0x0000000100000000)
  region size 1024K, 4 young (4096K), 4 survivors (4096K)
 Metaspace       used 39564K, committed 39808K, reserved 1114112K
  class space    used 4739K, committed 4864K, reserved 1048576K
}
Event: 6.921 GC heap before
{Heap before GC invocations=13 (full 0):
 garbage-first heap   total 75776K, used 29345K [0x0000000082200000, 0x0000000100000000)
  region size 1024K, 5 young (5120K), 4 survivors (4096K)
 Metaspace       used 39713K, committed 39936K, reserved 1114112K
  class space    used 4760K, committed 4864K, reserved 1048576K
}
Event: 6.933 GC heap after
{Heap after GC invocations=14 (full 0):
 garbage-first heap   total 75776K, used 29212K [0x0000000082200000, 0x0000000100000000)
  region size 1024K, 1 young (1024K), 1 survivors (1024K)
 Metaspace       used 39713K, committed 39936K, reserved 1114112K
  class space    used 4760K, committed 4864K, reserved 1048576K
}
Event: 7.493 GC heap before
{Heap before GC invocations=14 (full 0):
 garbage-first heap   total 75776K, used 51740K [0x0000000082200000, 0x0000000100000000)
  region size 1024K, 24 young (24576K), 1 survivors (1024K)
 Metaspace       used 42110K, committed 42432K, reserved 1114112K
  class space    used 5040K, committed 5184K, reserved 1048576K
}

