# JRE version: OpenJDK Runtime Environment Microsoft-11926163 (17.0.16+8) (build 17.0.16+8-LTS)
# Java VM: OpenJDK 64-Bit Server VM Microsoft-11926163 (17.0.16+8-LTS, mixed mode, sharing, tiered, compressed oops, compressed class ptrs, g1 gc, windows-amd64)
GC Precious Log:
 CPUs: 8 total, 8 available
 Memory: 8050M
 Large Page Support: Disabled
 NUMA Support: Disabled
 Compressed Oops: Enabled (Zero based)
 Heap Region Size: 2M
 Heap Min Capacity: 8M
 Heap Initial Capacity: 126M
 Heap Max Capacity: 4G
 Pre-touch: Disabled
 Parallel Workers: 8
 Concurrent Workers: 2
 Concurrent Refinement Workers: 8
 Periodic GC: Disabled
Heap:
 garbage-first heap   total 782336K, used 586458K [0x0000000700000000, 0x0000000800000000)
  region size 2048K, 31 young (63488K), 6 survivors (12288K)
 Metaspace       used 167507K, committed 169280K, reserved 1048576K
  class space    used 22574K, committed 23424K, reserved 851968K
GC Heap History (20 events):
Event: 120.328 GC heap before
{Heap before GC invocations=69 (full 0):
 garbage-first heap   total 561152K, used 481616K [0x0000000700000000, 0x0000000800000000)
  region size 2048K, 84 young (172032K), 6 survivors (12288K)
 Metaspace       used 164579K, committed 166400K, reserved 1048576K
  class space    used 22204K, committed 23040K, reserved 851968K
}
Event: 120.346 GC heap after
{Heap after GC invocations=70 (full 0):
 garbage-first heap   total 561152K, used 330744K [0x0000000700000000, 0x0000000800000000)
  region size 2048K, 9 young (18432K), 9 survivors (18432K)
 Metaspace       used 164579K, committed 166400K, reserved 1048576K
  class space    used 22204K, committed 23040K, reserved 851968K
}
Event: 125.323 GC heap before
{Heap before GC invocations=70 (full 0):
 garbage-first heap   total 561152K, used 513016K [0x0000000700000000, 0x0000000800000000)
  region size 2048K, 80 young (163840K), 9 survivors (18432K)
 Metaspace       used 165891K, committed 167744K, reserved 1048576K
  class space    used 22392K, committed 23232K, reserved 851968K
}
Event: 125.394 GC heap after
{Heap after GC invocations=71 (full 0):
 garbage-first heap   total 579584K, used 394113K [0x0000000700000000, 0x0000000800000000)
  region size 2048K, 10 young (20480K), 10 survivors (20480K)
 Metaspace       used 165891K, committed 167744K, reserved 1048576K
  class space    used 22392K, committed 23232K, reserved 851968K
}
Event: 126.054 GC heap before
{Heap before GC invocations=71 (full 0):
 garbage-first heap   total 579584K, used 476033K [0x0000000700000000, 0x0000000800000000)
  region size 2048K, 50 young (102400K), 10 survivors (20480K)
 Metaspace       used 165940K, committed 167744K, reserved 1048576K
  class space    used 22392K, committed 23232K, reserved 851968K
}
Event: 126.132 GC heap after
{Heap after GC invocations=72 (full 0):
 garbage-first heap   total 579584K, used 436224K [0x0000000700000000, 0x0000000800000000)
  region size 2048K, 7 young (14336K), 7 survivors (14336K)
 Metaspace       used 165940K, committed 167744K, reserved 1048576K
  class space    used 22392K, committed 23232K, reserved 851968K
}
Event: 127.456 GC heap before
{Heap before GC invocations=73 (full 0):
 garbage-first heap   total 782336K, used 481280K [0x0000000700000000, 0x0000000800000000)
  region size 2048K, 29 young (59392K), 7 survivors (14336K)
 Metaspace       used 164783K, committed 167296K, reserved 1048576K
  class space    used 22302K, committed 23232K, reserved 851968K
}
Event: 127.502 GC heap after
{Heap after GC invocations=74 (full 0):
 garbage-first heap   total 782336K, used 461716K [0x0000000700000000, 0x0000000800000000)
  region size 2048K, 4 young (8192K), 4 survivors (8192K)
 Metaspace       used 164783K, committed 167296K, reserved 1048576K
  class space    used 22302K, committed 23232K, reserved 851968K
}
Event: 128.562 GC heap before
{Heap before GC invocations=74 (full 0):
 garbage-first heap   total 782336K, used 490388K [0x0000000700000000, 0x0000000800000000)
  region size 2048K, 19 young (38912K), 4 survivors (8192K)
 Metaspace       used 164833K, committed 167296K, reserved 1048576K
  class space    used 22316K, committed 23232K, reserved 851968K
}
Event: 128.601 GC heap after
{Heap after GC invocations=75 (full 0):
 garbage-first heap   total 782336K, used 466411K [0x0000000700000000, 0x0000000800000000)
  region size 2048K, 3 young (6144K), 3 survivors (6144K)
 Metaspace       used 164833K, committed 167296K, reserved 1048576K
  class space    used 22316K, committed 23232K, reserved 851968K
}
Event: 132.823 GC heap before
{Heap before GC invocations=75 (full 0):
 garbage-first heap   total 782336K, used 583147K [0x0000000700000000, 0x0000000800000000)
  region size 2048K, 61 young (124928K), 3 survivors (6144K)
 Metaspace       used 165742K, committed 167552K, reserved 1048576K
  class space    used 22421K, committed 23296K, reserved 851968K
}
Event: 132.861 GC heap after
{Heap after GC invocations=76 (full 0):
 garbage-first heap   total 782336K, used 479718K [0x0000000700000000, 0x0000000800000000)
  region size 2048K, 8 young (16384K), 8 survivors (16384K)
 Metaspace       used 165742K, committed 167552K, reserved 1048576K
  class space    used 22421K, committed 23296K, reserved 851968K
}
Event: 138.452 GC heap before
{Heap before GC invocations=76 (full 0):
 garbage-first heap   total 782336K, used 606694K [0x0000000700000000, 0x0000000800000000)
  region size 2048K, 67 young (137216K), 8 survivors (16384K)
 Metaspace       used 165861K, committed 167680K, reserved 1048576K
  class space    used 22429K, committed 23296K, reserved 851968K
}
Event: 138.487 GC heap after
{Heap after GC invocations=77 (full 0):
 garbage-first heap   total 782336K, used 497920K [0x0000000700000000, 0x0000000800000000)
  region size 2048K, 6 young (12288K), 6 survivors (12288K)
 Metaspace       used 165861K, committed 167680K, reserved 1048576K
  class space    used 22429K, committed 23296K, reserved 851968K
}
Event: 142.355 GC heap before
{Heap before GC invocations=77 (full 0):
 garbage-first heap   total 782336K, used 618752K [0x0000000700000000, 0x0000000800000000)
  region size 2048K, 64 young (131072K), 6 survivors (12288K)
 Metaspace       used 166020K, committed 167808K, reserved 1048576K
  class space    used 22441K, committed 23296K, reserved 851968K
}
Event: 142.395 GC heap after
{Heap after GC invocations=78 (full 0):
 garbage-first heap   total 782336K, used 528384K [0x0000000700000000, 0x0000000800000000)
  region size 2048K, 8 young (16384K), 8 survivors (16384K)
 Metaspace       used 166020K, committed 167808K, reserved 1048576K
  class space    used 22441K, committed 23296K, reserved 851968K
}
Event: 144.083 GC heap before
{Heap before GC invocations=78 (full 0):
 garbage-first heap   total 782336K, used 647168K [0x0000000700000000, 0x0000000800000000)
  region size 2048K, 58 young (118784K), 8 survivors (16384K)
 Metaspace       used 166104K, committed 167872K, reserved 1048576K
  class space    used 22441K, committed 23296K, reserved 851968K
}
Event: 144.097 GC heap after
{Heap after GC invocations=79 (full 0):
 garbage-first heap   total 782336K, used 541888K [0x0000000700000000, 0x0000000800000000)
  region size 2048K, 2 young (4096K), 2 survivors (4096K)
 Metaspace       used 166104K, committed 167872K, reserved 1048576K
  class space    used 22441K, committed 23296K, reserved 851968K
}
Event: 190.165 GC heap before
{Heap before GC invocations=79 (full 0):
 garbage-first heap   total 782336K, used 681152K [0x0000000700000000, 0x0000000800000000)
  region size 2048K, 52 young (106496K), 2 survivors (4096K)
 Metaspace       used 167348K, committed 169216K, reserved 1048576K
  class space    used 22569K, committed 23424K, reserved 851968K
}
Event: 190.181 GC heap after
{Heap after GC invocations=80 (full 0):
 garbage-first heap   total 782336K, used 537306K [0x0000000700000000, 0x0000000800000000)
  region size 2048K, 6 young (12288K), 6 survivors (12288K)
 Metaspace       used 167348K, committed 169216K, reserved 1048576K
  class space    used 22569K, committed 23424K, reserved 851968K
}

